[debug] [2021-02-28T16:13:02.013Z] ----------------------------------------------------------------------
[debug] [2021-02-28T16:13:02.016Z] Command:       /usr/local/bin/node /usr/local/bin/firebase emulators:start --only functions
[debug] [2021-02-28T16:13:02.016Z] CLI Version:   9.5.0
[debug] [2021-02-28T16:13:02.016Z] Platform:      darwin
[debug] [2021-02-28T16:13:02.016Z] Node Version:  v12.18.3
[debug] [2021-02-28T16:13:02.031Z] Time:          Sun Feb 28 2021 20:13:02 GMT+0400 (Gulf Standard Time)
[debug] [2021-02-28T16:13:02.032Z] ----------------------------------------------------------------------
[debug] [2021-02-28T16:13:02.032Z] 
[debug] [2021-02-28T16:13:02.044Z] > command requires scopes: ["email","openid","https://www.googleapis.com/auth/cloudplatformprojects.readonly","https://www.googleapis.com/auth/firebase","https://www.googleapis.com/auth/cloud-platform"]
[debug] [2021-02-28T16:13:02.045Z] > authorizing via signed-in user
[info] i  emulators: Starting emulators: functions {"metadata":{"emulator":{"name":"hub"},"message":"Starting emulators: functions"}}
[debug] [2021-02-28T16:13:02.072Z] [hub] writing locator at /var/folders/ss/1qdbnmhx4p7c00vt5jy4fqfm0000gn/T/hub-mealstogo-1a733.json
[warn] ⚠  functions: The following emulators are not running, calls to these services from the Functions emulator will affect production: auth, firestore, database, hosting, pubsub {"metadata":{"emulator":{"name":"functions"},"message":"The following emulators are not running, calls to these services from the Functions emulator will affect production: \u001b[1mauth, firestore, database, hosting, pubsub\u001b[22m"}}
[info] ✔  functions: Using node@12 from host. {"metadata":{"emulator":{"name":"functions"},"message":"Using node@12 from host."}}
[debug] [2021-02-28T16:13:02.102Z] defaultcredentials: writing to file /Users/jasim/.config/firebase/jablog2020_gmail_com_application_default_credentials.json
[debug] [2021-02-28T16:13:02.106Z] Setting GAC to /Users/jasim/.config/firebase/jablog2020_gmail_com_application_default_credentials.json {"metadata":{"emulator":{"name":"functions"},"message":"Setting GAC to /Users/jasim/.config/firebase/jablog2020_gmail_com_application_default_credentials.json"}}
[debug] [2021-02-28T16:13:02.109Z] > refreshing access token with scopes: []
[debug] [2021-02-28T16:13:02.111Z] >>> HTTP REQUEST POST https://www.googleapis.com/oauth2/v3/token  
 <request body omitted>
[debug] [2021-02-28T16:13:02.552Z] <<< HTTP RESPONSE 200 {"expires":"Mon, 01 Jan 1990 00:00:00 GMT","date":"Sun, 28 Feb 2021 16:13:02 GMT","cache-control":"no-cache, no-store, max-age=0, must-revalidate","pragma":"no-cache","content-type":"application/json; charset=utf-8","vary":"X-Origin, Referer, Origin,Accept-Encoding","server":"scaffolding on HTTPServer2","x-xss-protection":"0","x-frame-options":"SAMEORIGIN","x-content-type-options":"nosniff","alt-svc":"h3-29=\":443\"; ma=2592000,h3-T051=\":443\"; ma=2592000,h3-Q050=\":443\"; ma=2592000,h3-Q046=\":443\"; ma=2592000,h3-Q043=\":443\"; ma=2592000,quic=\":443\"; ma=2592000; v=\"46,43\"","accept-ranges":"none","transfer-encoding":"chunked"}
[debug] [2021-02-28T16:13:02.587Z] >>> [apiv2][query] GET https://firebase.googleapis.com/v1beta1/projects/mealstogo-1a733/adminSdkConfig [none]
[debug] [2021-02-28T16:13:03.124Z] <<< [apiv2][status] GET https://firebase.googleapis.com/v1beta1/projects/mealstogo-1a733/adminSdkConfig 200
[debug] [2021-02-28T16:13:03.124Z] <<< [apiv2][body] GET https://firebase.googleapis.com/v1beta1/projects/mealstogo-1a733/adminSdkConfig {"projectId":"mealstogo-1a733","storageBucket":"mealstogo-1a733.appspot.com"}
[info] i  ui: downloading ui-v1.4.2.zip... {"metadata":{"emulator":{"name":"ui"},"message":"downloading ui-v1.4.2.zip..."}}
[debug] [2021-02-28T16:13:03.151Z] >>> [apiv2][query] GET https://storage.googleapis.com/firebase-preview-drop/emulator/ui-v1.4.2.zip [none]
[debug] [2021-02-28T16:13:03.312Z] <<< [apiv2][status] GET https://storage.googleapis.com/firebase-preview-drop/emulator/ui-v1.4.2.zip 200
[debug] [2021-02-28T16:13:03.312Z] <<< [apiv2][body] GET https://storage.googleapis.com/firebase-preview-drop/emulator/ui-v1.4.2.zip [stream]
[debug] [2021-02-28T16:13:07.275Z] Ignoring unsupported arg: auto_download {"metadata":{"emulator":{"name":"ui"},"message":"Ignoring unsupported arg: auto_download"}}
[debug] [2021-02-28T16:13:07.276Z] Ignoring unsupported arg: port {"metadata":{"emulator":{"name":"ui"},"message":"Ignoring unsupported arg: port"}}
[debug] [2021-02-28T16:13:07.276Z] Starting Emulator UI with command {"binary":"node","args":["/Users/jasim/.cache/firebase/emulators/ui-v1.4.2/server.bundle.js"],"optionalArgs":[],"joinArgs":false} {"metadata":{"emulator":{"name":"ui"},"message":"Starting Emulator UI with command {\"binary\":\"node\",\"args\":[\"/Users/jasim/.cache/firebase/emulators/ui-v1.4.2/server.bundle.js\"],\"optionalArgs\":[],\"joinArgs\":false}"}}
[info] i  ui: Emulator UI logging to ui-debug.log {"metadata":{"emulator":{"name":"ui"},"message":"Emulator UI logging to \u001b[1mui-debug.log\u001b[22m"}}
[debug] [2021-02-28T16:13:07.467Z] Web / API server started at http://localhost:4000
 {"metadata":{"emulator":{"name":"ui"},"message":"Web / API server started at http://localhost:4000\n"}}
[info] i  functions: Watching "/Users/jasim/React/MealsToGo/functions" for Cloud Functions... {"metadata":{"emulator":{"name":"functions"},"message":"Watching \"/Users/jasim/React/MealsToGo/functions\" for Cloud Functions..."}}
[debug] [2021-02-28T16:13:07.573Z] [worker-pool] addWorker(~diagnostic~) {"metadata":{"emulator":{"name":"functions"},"message":"[worker-pool] addWorker(~diagnostic~)"}}
[debug] [2021-02-28T16:13:07.573Z] [worker-pool] Adding worker with key ~diagnostic~, total=1 {"metadata":{"emulator":{"name":"functions"},"message":"[worker-pool] Adding worker with key ~diagnostic~, total=1"}}
[debug] [2021-02-28T16:13:07.574Z] [worker-pool] submitWork(triggerId=) {"metadata":{"emulator":{"name":"functions"},"message":"[worker-pool] submitWork(triggerId=)"}}
[debug] [2021-02-28T16:13:07.574Z] [worker-~diagnostic~-6d901174-0af3-4496-9927-dc63295edd93]: Assigning socketPath: /var/folders/ss/1qdbnmhx4p7c00vt5jy4fqfm0000gn/T/fire_emu_12370.sock {"metadata":{"emulator":{"name":"functions"},"message":"[worker-~diagnostic~-6d901174-0af3-4496-9927-dc63295edd93]: Assigning socketPath: /var/folders/ss/1qdbnmhx4p7c00vt5jy4fqfm0000gn/T/fire_emu_12370.sock"}}
[debug] [2021-02-28T16:13:07.575Z] [worker-~diagnostic~-6d901174-0af3-4496-9927-dc63295edd93]: BUSY {"metadata":{"emulator":{"name":"functions"},"message":"[worker-~diagnostic~-6d901174-0af3-4496-9927-dc63295edd93]: BUSY"}}
[debug] [2021-02-28T16:13:07.854Z] [runtime-status] [12370] Functions runtime initialized. {"cwd":"/Users/jasim/React/MealsToGo/functions","node_version":"12.18.3"} {"metadata":{"emulator":{"name":"functions"},"message":"[runtime-status] [12370] Functions runtime initialized. {\"cwd\":\"/Users/jasim/React/MealsToGo/functions\",\"node_version\":\"12.18.3\"}"}}
[debug] [2021-02-28T16:13:07.855Z] [runtime-status] [12370] Disabled runtime features: undefined {"metadata":{"emulator":{"name":"functions"},"message":"[runtime-status] [12370] Disabled runtime features: undefined"}}
[debug] [2021-02-28T16:13:07.862Z] [runtime-status] [12370] Resolved module firebase-admin {"declared":true,"installed":true,"version":"9.5.0","resolution":"/Users/jasim/React/MealsToGo/functions/node_modules/firebase-admin/lib/index.js"} {"metadata":{"emulator":{"name":"functions"},"message":"[runtime-status] [12370] Resolved module firebase-admin {\"declared\":true,\"installed\":true,\"version\":\"9.5.0\",\"resolution\":\"/Users/jasim/React/MealsToGo/functions/node_modules/firebase-admin/lib/index.js\"}"}}
[debug] [2021-02-28T16:13:07.865Z] [runtime-status] [12370] Resolved module firebase-functions {"declared":true,"installed":true,"version":"3.13.2","resolution":"/Users/jasim/React/MealsToGo/functions/node_modules/firebase-functions/lib/index.js"} {"metadata":{"emulator":{"name":"functions"},"message":"[runtime-status] [12370] Resolved module firebase-functions {\"declared\":true,\"installed\":true,\"version\":\"3.13.2\",\"resolution\":\"/Users/jasim/React/MealsToGo/functions/node_modules/firebase-functions/lib/index.js\"}"}}
[debug] [2021-02-28T16:13:07.866Z] [runtime-status] [12370] Resolved module firebase-functions {"declared":true,"installed":true,"version":"3.13.2","resolution":"/Users/jasim/React/MealsToGo/functions/node_modules/firebase-functions/lib/index.js"} {"metadata":{"emulator":{"name":"functions"},"message":"[runtime-status] [12370] Resolved module firebase-functions {\"declared\":true,\"installed\":true,\"version\":\"3.13.2\",\"resolution\":\"/Users/jasim/React/MealsToGo/functions/node_modules/firebase-functions/lib/index.js\"}"}}
[debug] [2021-02-28T16:13:07.869Z] [runtime-status] [12370] Outgoing network have been stubbed. [{"name":"http","status":"mocked"},{"name":"http","status":"mocked"},{"name":"https","status":"mocked"},{"name":"https","status":"mocked"},{"name":"net","status":"mocked"}] {"metadata":{"emulator":{"name":"functions"},"message":"[runtime-status] [12370] Outgoing network have been stubbed. [{\"name\":\"http\",\"status\":\"mocked\"},{\"name\":\"http\",\"status\":\"mocked\"},{\"name\":\"https\",\"status\":\"mocked\"},{\"name\":\"https\",\"status\":\"mocked\"},{\"name\":\"net\",\"status\":\"mocked\"}]"}}
[debug] [2021-02-28T16:13:07.870Z] [runtime-status] [12370] Resolved module firebase-functions {"declared":true,"installed":true,"version":"3.13.2","resolution":"/Users/jasim/React/MealsToGo/functions/node_modules/firebase-functions/lib/index.js"} {"metadata":{"emulator":{"name":"functions"},"message":"[runtime-status] [12370] Resolved module firebase-functions {\"declared\":true,\"installed\":true,\"version\":\"3.13.2\",\"resolution\":\"/Users/jasim/React/MealsToGo/functions/node_modules/firebase-functions/lib/index.js\"}"}}
[debug] [2021-02-28T16:13:07.950Z] [runtime-status] [12370] Checked functions.config() {"config":{}} {"metadata":{"emulator":{"name":"functions"},"message":"[runtime-status] [12370] Checked functions.config() {\"config\":{}}"}}
[debug] [2021-02-28T16:13:07.950Z] [runtime-status] [12370] firebase-functions has been stubbed. {"functionsResolution":{"declared":true,"installed":true,"version":"3.13.2","resolution":"/Users/jasim/React/MealsToGo/functions/node_modules/firebase-functions/lib/index.js"}} {"metadata":{"emulator":{"name":"functions"},"message":"[runtime-status] [12370] firebase-functions has been stubbed. {\"functionsResolution\":{\"declared\":true,\"installed\":true,\"version\":\"3.13.2\",\"resolution\":\"/Users/jasim/React/MealsToGo/functions/node_modules/firebase-functions/lib/index.js\"}}"}}
[debug] [2021-02-28T16:13:07.951Z] [runtime-status] [12370] Resolved module firebase-functions {"declared":true,"installed":true,"version":"3.13.2","resolution":"/Users/jasim/React/MealsToGo/functions/node_modules/firebase-functions/lib/index.js"} {"metadata":{"emulator":{"name":"functions"},"message":"[runtime-status] [12370] Resolved module firebase-functions {\"declared\":true,\"installed\":true,\"version\":\"3.13.2\",\"resolution\":\"/Users/jasim/React/MealsToGo/functions/node_modules/firebase-functions/lib/index.js\"}"}}
[debug] [2021-02-28T16:13:07.952Z] [runtime-status] [12370] Resolved module firebase-admin {"declared":true,"installed":true,"version":"9.5.0","resolution":"/Users/jasim/React/MealsToGo/functions/node_modules/firebase-admin/lib/index.js"} {"metadata":{"emulator":{"name":"functions"},"message":"[runtime-status] [12370] Resolved module firebase-admin {\"declared\":true,\"installed\":true,\"version\":\"9.5.0\",\"resolution\":\"/Users/jasim/React/MealsToGo/functions/node_modules/firebase-admin/lib/index.js\"}"}}
[debug] [2021-02-28T16:13:07.952Z] [runtime-status] [12370] Resolved module firebase-functions {"declared":true,"installed":true,"version":"3.13.2","resolution":"/Users/jasim/React/MealsToGo/functions/node_modules/firebase-functions/lib/index.js"} {"metadata":{"emulator":{"name":"functions"},"message":"[runtime-status] [12370] Resolved module firebase-functions {\"declared\":true,\"installed\":true,\"version\":\"3.13.2\",\"resolution\":\"/Users/jasim/React/MealsToGo/functions/node_modules/firebase-functions/lib/index.js\"}"}}
[debug] [2021-02-28T16:13:07.952Z] [runtime-status] [12370] firebase-admin has been stubbed. {"adminResolution":{"declared":true,"installed":true,"version":"9.5.0","resolution":"/Users/jasim/React/MealsToGo/functions/node_modules/firebase-admin/lib/index.js"}} {"metadata":{"emulator":{"name":"functions"},"message":"[runtime-status] [12370] firebase-admin has been stubbed. {\"adminResolution\":{\"declared\":true,\"installed\":true,\"version\":\"9.5.0\",\"resolution\":\"/Users/jasim/React/MealsToGo/functions/node_modules/firebase-admin/lib/index.js\"}}"}}
[info] 
┌─────────────────────────────────────────────────────────────┐
│ ✔  All emulators ready! It is now safe to connect your app. │
│ i  View Emulator UI at http://localhost:4000                │
└─────────────────────────────────────────────────────────────┘

┌───────────┬────────────────┬─────────────────────────────────┐
│ Emulator  │ Host:Port      │ View in Emulator UI             │
├───────────┼────────────────┼─────────────────────────────────┤
│ Functions │ localhost:5001 │ http://localhost:4000/functions │
└───────────┴────────────────┴─────────────────────────────────┘
  Emulator Hub running at localhost:4400
  Other reserved ports: 4500

Issues? Report them at https://github.com/firebase/firebase-tools/issues and attach the *-debug.log files.
 
[debug] [2021-02-28T16:13:07.959Z] [worker-~diagnostic~-6d901174-0af3-4496-9927-dc63295edd93]: IDLE {"metadata":{"emulator":{"name":"functions"},"message":"[worker-~diagnostic~-6d901174-0af3-4496-9927-dc63295edd93]: IDLE"}}
[debug] [2021-02-28T16:14:06.121Z] File /Users/jasim/React/MealsToGo/functions/index.js changed, reloading triggers {"metadata":{"emulator":{"name":"functions"},"message":"File /Users/jasim/React/MealsToGo/functions/index.js changed, reloading triggers"}}
[debug] [2021-02-28T16:14:07.130Z] [worker-pool] Shutting down IDLE worker (~diagnostic~) {"metadata":{"emulator":{"name":"functions"},"message":"[worker-pool] Shutting down IDLE worker (~diagnostic~)"}}
[debug] [2021-02-28T16:14:07.131Z] [worker-~diagnostic~-6d901174-0af3-4496-9927-dc63295edd93]: FINISHING {"metadata":{"emulator":{"name":"functions"},"message":"[worker-~diagnostic~-6d901174-0af3-4496-9927-dc63295edd93]: FINISHING"}}
[debug] [2021-02-28T16:14:07.150Z] [worker-pool] addWorker(~diagnostic~) {"metadata":{"emulator":{"name":"functions"},"message":"[worker-pool] addWorker(~diagnostic~)"}}
[debug] [2021-02-28T16:14:07.151Z] [worker-pool] Adding worker with key ~diagnostic~, total=2 {"metadata":{"emulator":{"name":"functions"},"message":"[worker-pool] Adding worker with key ~diagnostic~, total=2"}}
[debug] [2021-02-28T16:14:07.151Z] [worker-pool] submitWork(triggerId=) {"metadata":{"emulator":{"name":"functions"},"message":"[worker-pool] submitWork(triggerId=)"}}
[debug] [2021-02-28T16:14:07.152Z] [worker-~diagnostic~-f78a8c3d-9aa0-4019-ae44-e729ff68c19b]: Assigning socketPath: /var/folders/ss/1qdbnmhx4p7c00vt5jy4fqfm0000gn/T/fire_emu_12421.sock {"metadata":{"emulator":{"name":"functions"},"message":"[worker-~diagnostic~-f78a8c3d-9aa0-4019-ae44-e729ff68c19b]: Assigning socketPath: /var/folders/ss/1qdbnmhx4p7c00vt5jy4fqfm0000gn/T/fire_emu_12421.sock"}}
[debug] [2021-02-28T16:14:07.152Z] [worker-~diagnostic~-f78a8c3d-9aa0-4019-ae44-e729ff68c19b]: BUSY {"metadata":{"emulator":{"name":"functions"},"message":"[worker-~diagnostic~-f78a8c3d-9aa0-4019-ae44-e729ff68c19b]: BUSY"}}
[debug] [2021-02-28T16:14:07.157Z] [worker-~diagnostic~-6d901174-0af3-4496-9927-dc63295edd93]: exited {"metadata":{"emulator":{"name":"functions"},"message":"[worker-~diagnostic~-6d901174-0af3-4496-9927-dc63295edd93]: exited"}}
[debug] [2021-02-28T16:14:07.157Z] [worker-~diagnostic~-6d901174-0af3-4496-9927-dc63295edd93]: FINISHED {"metadata":{"emulator":{"name":"functions"},"message":"[worker-~diagnostic~-6d901174-0af3-4496-9927-dc63295edd93]: FINISHED"}}
[debug] [2021-02-28T16:14:08.048Z] [runtime-status] [12421] Functions runtime initialized. {"cwd":"/Users/jasim/React/MealsToGo/functions","node_version":"12.18.3"} {"metadata":{"emulator":{"name":"functions"},"message":"[runtime-status] [12421] Functions runtime initialized. {\"cwd\":\"/Users/jasim/React/MealsToGo/functions\",\"node_version\":\"12.18.3\"}"}}
[debug] [2021-02-28T16:14:08.050Z] [runtime-status] [12421] Disabled runtime features: undefined {"metadata":{"emulator":{"name":"functions"},"message":"[runtime-status] [12421] Disabled runtime features: undefined"}}
[debug] [2021-02-28T16:14:08.054Z] [runtime-status] [12421] Resolved module firebase-admin {"declared":true,"installed":true,"version":"9.5.0","resolution":"/Users/jasim/React/MealsToGo/functions/node_modules/firebase-admin/lib/index.js"} {"metadata":{"emulator":{"name":"functions"},"message":"[runtime-status] [12421] Resolved module firebase-admin {\"declared\":true,\"installed\":true,\"version\":\"9.5.0\",\"resolution\":\"/Users/jasim/React/MealsToGo/functions/node_modules/firebase-admin/lib/index.js\"}"}}
[debug] [2021-02-28T16:14:08.060Z] [runtime-status] [12421] Resolved module firebase-functions {"declared":true,"installed":true,"version":"3.13.2","resolution":"/Users/jasim/React/MealsToGo/functions/node_modules/firebase-functions/lib/index.js"} {"metadata":{"emulator":{"name":"functions"},"message":"[runtime-status] [12421] Resolved module firebase-functions {\"declared\":true,\"installed\":true,\"version\":\"3.13.2\",\"resolution\":\"/Users/jasim/React/MealsToGo/functions/node_modules/firebase-functions/lib/index.js\"}"}}
[debug] [2021-02-28T16:14:08.061Z] [runtime-status] [12421] Resolved module firebase-functions {"declared":true,"installed":true,"version":"3.13.2","resolution":"/Users/jasim/React/MealsToGo/functions/node_modules/firebase-functions/lib/index.js"} {"metadata":{"emulator":{"name":"functions"},"message":"[runtime-status] [12421] Resolved module firebase-functions {\"declared\":true,\"installed\":true,\"version\":\"3.13.2\",\"resolution\":\"/Users/jasim/React/MealsToGo/functions/node_modules/firebase-functions/lib/index.js\"}"}}
[debug] [2021-02-28T16:14:08.071Z] [runtime-status] [12421] Outgoing network have been stubbed. [{"name":"http","status":"mocked"},{"name":"http","status":"mocked"},{"name":"https","status":"mocked"},{"name":"https","status":"mocked"},{"name":"net","status":"mocked"}] {"metadata":{"emulator":{"name":"functions"},"message":"[runtime-status] [12421] Outgoing network have been stubbed. [{\"name\":\"http\",\"status\":\"mocked\"},{\"name\":\"http\",\"status\":\"mocked\"},{\"name\":\"https\",\"status\":\"mocked\"},{\"name\":\"https\",\"status\":\"mocked\"},{\"name\":\"net\",\"status\":\"mocked\"}]"}}
[debug] [2021-02-28T16:14:08.072Z] [runtime-status] [12421] Resolved module firebase-functions {"declared":true,"installed":true,"version":"3.13.2","resolution":"/Users/jasim/React/MealsToGo/functions/node_modules/firebase-functions/lib/index.js"} {"metadata":{"emulator":{"name":"functions"},"message":"[runtime-status] [12421] Resolved module firebase-functions {\"declared\":true,\"installed\":true,\"version\":\"3.13.2\",\"resolution\":\"/Users/jasim/React/MealsToGo/functions/node_modules/firebase-functions/lib/index.js\"}"}}
[debug] [2021-02-28T16:14:08.230Z] [runtime-status] [12421] Checked functions.config() {"config":{}} {"metadata":{"emulator":{"name":"functions"},"message":"[runtime-status] [12421] Checked functions.config() {\"config\":{}}"}}
[debug] [2021-02-28T16:14:08.230Z] [runtime-status] [12421] firebase-functions has been stubbed. {"functionsResolution":{"declared":true,"installed":true,"version":"3.13.2","resolution":"/Users/jasim/React/MealsToGo/functions/node_modules/firebase-functions/lib/index.js"}} {"metadata":{"emulator":{"name":"functions"},"message":"[runtime-status] [12421] firebase-functions has been stubbed. {\"functionsResolution\":{\"declared\":true,\"installed\":true,\"version\":\"3.13.2\",\"resolution\":\"/Users/jasim/React/MealsToGo/functions/node_modules/firebase-functions/lib/index.js\"}}"}}
[debug] [2021-02-28T16:14:08.232Z] [runtime-status] [12421] Resolved module firebase-functions {"declared":true,"installed":true,"version":"3.13.2","resolution":"/Users/jasim/React/MealsToGo/functions/node_modules/firebase-functions/lib/index.js"} {"metadata":{"emulator":{"name":"functions"},"message":"[runtime-status] [12421] Resolved module firebase-functions {\"declared\":true,\"installed\":true,\"version\":\"3.13.2\",\"resolution\":\"/Users/jasim/React/MealsToGo/functions/node_modules/firebase-functions/lib/index.js\"}"}}
[debug] [2021-02-28T16:14:08.233Z] [runtime-status] [12421] Resolved module firebase-admin {"declared":true,"installed":true,"version":"9.5.0","resolution":"/Users/jasim/React/MealsToGo/functions/node_modules/firebase-admin/lib/index.js"} {"metadata":{"emulator":{"name":"functions"},"message":"[runtime-status] [12421] Resolved module firebase-admin {\"declared\":true,\"installed\":true,\"version\":\"9.5.0\",\"resolution\":\"/Users/jasim/React/MealsToGo/functions/node_modules/firebase-admin/lib/index.js\"}"}}
[debug] [2021-02-28T16:14:08.234Z] [runtime-status] [12421] Resolved module firebase-functions {"declared":true,"installed":true,"version":"3.13.2","resolution":"/Users/jasim/React/MealsToGo/functions/node_modules/firebase-functions/lib/index.js"} {"metadata":{"emulator":{"name":"functions"},"message":"[runtime-status] [12421] Resolved module firebase-functions {\"declared\":true,\"installed\":true,\"version\":\"3.13.2\",\"resolution\":\"/Users/jasim/React/MealsToGo/functions/node_modules/firebase-functions/lib/index.js\"}"}}
[debug] [2021-02-28T16:14:08.235Z] [runtime-status] [12421] firebase-admin has been stubbed. {"adminResolution":{"declared":true,"installed":true,"version":"9.5.0","resolution":"/Users/jasim/React/MealsToGo/functions/node_modules/firebase-admin/lib/index.js"}} {"metadata":{"emulator":{"name":"functions"},"message":"[runtime-status] [12421] firebase-admin has been stubbed. {\"adminResolution\":{\"declared\":true,\"installed\":true,\"version\":\"9.5.0\",\"resolution\":\"/Users/jasim/React/MealsToGo/functions/node_modules/firebase-admin/lib/index.js\"}}"}}
[info] ✔  functions[helloWorld]: http function initialized (http://localhost:5001/mealstogo-1a733/us-central1/helloWorld). {"metadata":{"emulator":{"name":"functions"},"message":"\u001b[1mhttp\u001b[22m function initialized (http://localhost:5001/mealstogo-1a733/us-central1/helloWorld)."}}
[debug] [2021-02-28T16:14:08.253Z] [worker-~diagnostic~-f78a8c3d-9aa0-4019-ae44-e729ff68c19b]: IDLE {"metadata":{"emulator":{"name":"functions"},"message":"[worker-~diagnostic~-f78a8c3d-9aa0-4019-ae44-e729ff68c19b]: IDLE"}}
